1662893370956:print-smallest
1662893465326:print-sentence
1662893714912:eval 1 1
1662894332072:diff
1662908901287:print-smallest 1 2 3 4 5 6 7 8 9
1662908929327:print-smallest
1662908938571:print-smallest 1 2 3 4 5 6 7 8 9
1662938098619:diff
1662938106541:diff 1 5 7 9
1662943366667:print-smallest 1 2 3 4 5 6 7 8 9
1662944915459:print-smallest [1 2 3 4 5 6 7 8 9]
1662944944639:print-smallest 43 54 2 18
1662945033211:print-smallest 1 2 3 4 5 6 7 8 9
1662945069123:print-smallest [12 43 65 23 114]
1662945096720:print-smallest [12 243 53 21353 3566 225 7]
1662945171248:smallest
1662945200049:smallest 1,2,3,4,5,6,7,8,9
1662945267266:smallest 43,564,7,34,23,487,89,09,86,38,87,3
1662945951989:eval
1662945959898:eval 10 23
1662946417140:blow-up
1662946434218:* blow-up
1662946501083:stacktrace
1662947758375:exit
1662983451122:eval 2 5
1662987729606:diff 12,35,764,2,6,1,,09,76,4,33
1662987753869:diff 32,5,7,8,53,42,2,5,78,7,5,24
1662987787058:smallest 2,45,23,67,43,2,7
1662987798577:eval 1 1
1662987818492:quit
1662989605606:diff 1,2,3,4,5,6,7,8,9
1662989627978:diff 1,2,3,4,5,2,1,4,5,7,8,4,54,56,8,53,23
1662990243166:diff 1,2,3,4,5,6,7,8,9
1662990255300:diff 1,2,,4,5,6,7,8,9,10
1662990265567:diff 1,2,3,4,5,6,7,8,9,10
1662990290258:diff 1,2,3,4,5,6,7,8,9,10,11,12,13,14
1662990379399:diff 1,2,3,4,5,6,7,8,9
1662993943525:smallest 1,2,3,4,5,6,7,8,9
1663001622000:diff 2
1663001629063:diff
1663001675723:diff 2
1663001991561:quit
